<?xml version="1.0" encoding="UTF-8"?>
<testng-results ignored="0" total="1" passed="1" failed="0" skipped="0">
  <reporter-output>
  </reporter-output>
  <suite started-at="2022-02-01T09:58:22 IST" name="Default suite" finished-at="2022-02-01T09:59:04 IST" duration-ms="41696">
    <groups>
    </groups>
    <test started-at="2022-02-01T09:58:22 IST" name="Default test" finished-at="2022-02-01T09:59:04 IST" duration-ms="41696">
      <class name="com.crm.practice.Practice">
        <test-method is-config="true" signature="congifBS()[pri:0, instance:com.crm.practice.Practice@1cbbffcd]" started-at="2022-02-01T09:58:22 IST" name="congifBS" finished-at="2022-02-01T09:58:22 IST" duration-ms="27" status="PASS">
          <reporter-output>
          </reporter-output>
        </test-method> <!-- congifBS -->
        <test-method is-config="true" signature="configBC()[pri:0, instance:com.crm.practice.Practice@1cbbffcd]" started-at="2022-02-01T09:58:22 IST" name="configBC" finished-at="2022-02-01T09:58:45 IST" duration-ms="22951" status="PASS">
          <reporter-output>
          </reporter-output>
        </test-method> <!-- configBC -->
        <test-method is-config="true" signature="configBM()[pri:0, instance:com.crm.practice.Practice@1cbbffcd]" started-at="2022-02-01T09:58:45 IST" name="configBM" finished-at="2022-02-01T09:58:49 IST" duration-ms="3506" status="PASS">
          <reporter-output>
          </reporter-output>
        </test-method> <!-- configBM -->
        <test-method signature="addtocart()[pri:0, instance:com.crm.practice.Practice@1cbbffcd]" started-at="2022-02-01T09:58:49 IST" name="addtocart" finished-at="2022-02-01T09:58:56 IST" duration-ms="6888" status="PASS">
          <reporter-output>
          </reporter-output>
        </test-method> <!-- addtocart -->
        <test-method is-config="true" signature="configAM()[pri:0, instance:com.crm.practice.Practice@1cbbffcd]" started-at="2022-02-01T09:58:56 IST" name="configAM" finished-at="2022-02-01T09:58:59 IST" duration-ms="3619" status="PASS">
          <reporter-output>
          </reporter-output>
        </test-method> <!-- configAM -->
        <test-method is-config="true" signature="configAC()[pri:0, instance:com.crm.practice.Practice@1cbbffcd]" started-at="2022-02-01T09:58:59 IST" name="configAC" finished-at="2022-02-01T09:59:04 IST" duration-ms="4642" status="PASS">
          <reporter-output>
          </reporter-output>
        </test-method> <!-- configAC -->
        <test-method is-config="true" signature="configAS()[pri:0, instance:com.crm.practice.Practice@1cbbffcd]" started-at="2022-02-01T09:59:04 IST" name="configAS" finished-at="2022-02-01T09:59:04 IST" duration-ms="1" status="PASS">
          <reporter-output>
          </reporter-output>
        </test-method> <!-- configAS -->
      </class> <!-- com.crm.practice.Practice -->
    </test> <!-- Default test -->
  </suite> <!-- Default suite -->
</testng-results>
